
---- Votes and Modules ----
default: |NEUTRAL|
onedamage: |default|MASK|
one: |default|MASK|
SHOW -shown(2)
NEUTRAL -shown(0)
oneid: |default|MASK|
MASK -hidden(1)
--------   Rules   --------
hide: |MASK|MASK|default|MASK|MASK|default|default|default|default|
keep-one: |one|one|default|one|one|default|default|default|default|
keep-oned: |onedamage|onedamage|default|onedamage|onedamage|default|default|default|default|
keep: |default|default|MASK|default|default|MASK|MASK|MASK|MASK|
keep-onei: |oneid|oneid|default|oneid|oneid|default|default|default|default|
show: |SHOW|SHOW|default|SHOW|SHOW|default|default|default|default|
----------------------------------------------------
5036 items registered
69 filters loaded
1466 items matched in 141 ms
----------------------------------------------------

- appliedenergistics2 :
	+ item.ItemCrystalSeed:                     	keep-one:[0, 600, 1200]
	+ item.ItemEncodedPattern:                  	hide:[]
	+ item.ItemFacade:                          	keep-one:[]
	+ item.ItemMultiPart:                       	hide:[0, 1, 2, 3, 4, 5, 6, 7, 8, 9, 10, 11, 12, 13, 14, 15, 20, 21, 22, 23, 24, 25, 26, 27, 28, 29, 30, 31, 32, 33, 34, 35, 40, 41, 42, 43, 44, 45, 46, 47, 48, 49, 50, 51, 52, 53, 54, 55, 60, 61, 62, 63, 64, 65, 66, 67, 68, 69, 70, 71, 72, 73, 74, 75]
	+ item.ItemPaintBall:                       	keep:[0]
	+ item.ToolChargedStaff:                    	keep:[0]/[, {}]
	+ item.ToolColorApplicator:                 	keep:[0]/[, {}]
	+ item.ToolEntropyManipulator:              	keep:[0]/[, {}]
	+ item.ToolMassCannon:                      	keep:[0]/[, {}]
	+ item.ToolPortableCell:                    	keep:[0]/[, {}]
	+ item.ToolWirelessTerminal:                	keep:[0]/[, {}]
	+ tile.BlockCableBus:                       	hide:[]
	+ tile.BlockMatrixFrame:                    	hide:[]
	+ tile.BlockPaint:                          	hide:[]
- arsmagica2 :
	+ BoundAxeNor:                              	hide:[0, 1, 2, 3, 4, 5, 6, 7, 8, 9]
	+ BoundHoeNor:                              	hide:[0, 1, 2, 3, 4, 5, 6, 7, 8, 9]
	+ BoundPickaxeNor:                          	hide:[0, 1, 2, 3, 4, 5, 6, 7, 8, 9]
	+ BoundShovelNor:                           	hide:[0, 1, 2, 3, 4, 5, 6, 7, 8, 9]
	+ BoundSwordNor:                            	hide:[0, 1, 2, 3, 4, 5, 6, 7, 8, 9]
	+ Crystal Phylactery:                       	hide:[3]
	+ spellBase:                                	hide:[]
- BiblioCraft :
	+ BiblioBorderlessPainting:                 	keep:[0]
	+ BiblioCase:                               	keep:[0]
	+ BiblioClipboard:                          	hide:[]
	+ BiblioClock:                              	keep:[0]
	+ BiblioDesk:                               	keep:[0]
	+ BiblioFancyPainting:                      	keep:[0]
	+ BiblioFancySign:                          	keep:[0]
	+ BiblioFlatPainting:                       	keep:[0]
	+ BiblioIronLamp:                           	keep:[0]
	+ BiblioIronLantern:                        	keep:[0]
	+ BiblioLabel:                              	keep:[0]
	+ BiblioLamp:                               	keep:[0]
	+ BiblioLantern:                            	keep:[0]
	+ BiblioMapFrames:                          	keep:[0]
	+ BiblioMiddlePainting:                     	keep:[0]
	+ BiblioPaneler:                            	keep:[0]
	+ BiblioPotionShelf:                        	keep:[0]
	+ BiblioRack:                               	keep:[0]
	+ BiblioSeats:                              	keep:[0]
	+ BiblioShelf:                              	keep:[0]
	+ BiblioSimplePainting:                     	keep:[0]
	+ BiblioSwordPedestal:                      	keep:[0]
	+ BiblioTable:                              	keep:[0]
	+ Bibliotheca:                              	keep:[0]
	+ BiblioTypewriter:                         	keep:[0]
	+ BiblioWorkbench:                          	keep:[0]
	+ BookcaseFilled:                           	hide:[]
	+ item.AtlasPlate:                          	hide:[]
	+ item.BiblioCreativeLock:                  	hide:[]
	+ item.DeathCompass:                        	hide:[]
	+ item.EnchantedPlate:                      	hide:[]
	+ item.PrintPlate:                          	hide:[]
	+ item.RecipeBook:                          	hide:[]
	+ item.seatBack:                            	keep:[0]
	+ item.seatBack2:                           	keep:[0]
	+ item.seatBack3:                           	keep:[0]
	+ item.seatBack4:                           	keep:[0]
	+ item.seatBack5:                           	keep:[0]
- BuildCraft|Robotics :
	+ redstone_board:                           	keep-one:[]
	+ robot:                                    	keep-one:[]
- BuildCraft|Transport :
	+ pipeFacade:                               	keep-one:[]/[*hollow:0b*, *hollow:1b*]
	+ pipeGate:                                 	keep-one:[]
	+ pipeLens:                                 	keep:[0]
- chisel :
	+ acacia_planks:                            	keep:[0]
	+ aluminum_stairs.0:                        	keep:[0]	hide:[]
	+ aluminum_stairs.1:                        	keep:[0]	hide:[]
	+ aluminum_stairs.2:                        	keep:[0]	hide:[]
	+ aluminum_stairs.3:                        	keep:[0]	hide:[]
	+ aluminum_stairs.4:                        	keep:[0]	hide:[]
	+ aluminum_stairs.5:                        	keep:[0]	hide:[]
	+ aluminum_stairs.6:                        	keep:[0]	hide:[]
	+ aluminum_stairs.7:                        	keep:[0]	hide:[]
	+ aluminumblock:                            	keep:[0]
	+ amber:                                    	keep:[0]
	+ andesite:                                 	keep:[0]
	+ antiBlock:                                	keep:[0]
	+ arcane:                                   	keep:[0]
	+ autoChisel:                               	keep:[0]
	+ ballomoss:                                	keep:[0]
	+ beacon:                                   	keep:[0]
	+ birch_planks:                             	keep:[0]
	+ bookshelf:                                	keep:[0]
	+ brickCustom:                              	keep:[0]
	+ bronzeblock:                              	keep:[0]
	+ carpet:                                   	keep:[0]
	+ carpet_block:                             	keep:[0]
	+ chisel:                                   	keep:[0]
	+ cloud:                                    	keep:[0]
	+ cloudinabottle:                           	keep:[0]
	+ cobblestone:                              	keep:[0]
	+ concrete:                                 	keep:[0]
	+ copperblock:                              	keep:[0]
	+ dark_oak_planks:                          	keep:[0]
	+ diamond_block:                            	keep:[0]
	+ diamondChisel:                            	keep:[0]
	+ diorite:                                  	keep:[0]
	+ dirt:                                     	keep:[0]
	+ emerald_block:                            	keep:[0]
	+ end_Stone:                                	keep:[0]
	+ factoryblock:                             	keep:[0]
	+ factoryblock2:                            	keep:[0]
	+ fantasyblock:                             	keep:[0]
	+ fantasyblock2:                            	keep:[0]
	+ futura:                                   	keep:[0]
	+ futuraCircuit:                            	keep:[0]
	+ glass:                                    	keep:[0]
	+ glass2:                                   	keep:[0]
	+ glass_pane:                               	keep:[0]	hide:[]
	+ glowstone:                                	keep:[0]
	+ gold2:                                    	keep:[0]
	+ gold_block:                               	keep:[0]
	+ granite:                                  	keep:[0]
	+ grimstone:                                	keep:[0]
	+ hexLargePlating:                          	keep:[0]
	+ hexPlating:                               	keep:[0]
	+ holystone:                                	keep:[0]
	+ ice:                                      	keep:[0]
	+ ice_pillar:                               	keep:[0]
	+ ice_stairs.0:                             	keep:[0]	hide:[]
	+ ice_stairs.1:                             	keep:[0]	hide:[]
	+ ice_stairs.2:                             	keep:[0]	hide:[]
	+ ice_stairs.3:                             	keep:[0]	hide:[]
	+ ice_stairs.4:                             	keep:[0]	hide:[]
	+ ice_stairs.5:                             	keep:[0]	hide:[]
	+ ice_stairs.6:                             	keep:[0]	hide:[]
	+ ice_stairs.7:                             	keep:[0]	hide:[]
	+ iron2:                                    	keep:[0]
	+ iron_bars:                                	keep:[0]
	+ iron_block:                               	keep:[0]
	+ jackolantern1:                            	keep:[0]	hide:[]	show:[0]
	+ jackolantern10:                           	keep:[0]	hide:[]
	+ jackolantern11:                           	keep:[0]	hide:[]
	+ jackolantern12:                           	keep:[0]	hide:[]
	+ jackolantern13:                           	keep:[0]	hide:[]
	+ jackolantern14:                           	keep:[0]	hide:[]
	+ jackolantern15:                           	keep:[0]	hide:[]
	+ jackolantern16:                           	keep:[0]	hide:[]
	+ jackolantern2:                            	keep:[0]	hide:[]
	+ jackolantern3:                            	keep:[0]	hide:[]
	+ jackolantern4:                            	keep:[0]	hide:[]
	+ jackolantern5:                            	keep:[0]	hide:[]
	+ jackolantern6:                            	keep:[0]	hide:[]
	+ jackolantern7:                            	keep:[0]	hide:[]
	+ jackolantern8:                            	keep:[0]	hide:[]
	+ jackolantern9:                            	keep:[0]	hide:[]
	+ jungle_planks:                            	keep:[0]
	+ laboratoryblock:                          	keep:[0]
	+ lapis_block:                              	keep:[0]
	+ lavastone:                                	keep:[0]
	+ leadblock:                                	keep:[0]
	+ leaves:                                   	keep:[0]
	+ limestone:                                	keep:[0]
	+ limestone_slab:                           	keep:[0]
	+ limestone_slab_top:                       	keep:[0]
	+ limestone_stairs.0:                       	keep:[0]	hide:[]
	+ limestone_stairs.1:                       	keep:[0]	hide:[]
	+ limestone_stairs.2:                       	keep:[0]	hide:[]
	+ limestone_stairs.3:                       	keep:[0]	hide:[]
	+ limestone_stairs.4:                       	keep:[0]	hide:[]
	+ limestone_stairs.5:                       	keep:[0]	hide:[]
	+ limestone_stairs.6:                       	keep:[0]	hide:[]
	+ limestone_stairs.7:                       	keep:[0]	hide:[]
	+ marble:                                   	keep:[0]
	+ marble_pillar:                            	keep:[0]
	+ marble_pillar_slab:                       	keep:[0]
	+ marble_pillar_slab_top:                   	keep:[0]
	+ marble_slab:                              	keep:[0]
	+ marble_slab_top:                          	keep:[0]
	+ marble_stairs.0:                          	keep:[0]	hide:[]
	+ marble_stairs.1:                          	keep:[0]	hide:[]
	+ marble_stairs.2:                          	keep:[0]	hide:[]
	+ marble_stairs.3:                          	keep:[0]	hide:[]
	+ marble_stairs.4:                          	keep:[0]	hide:[]
	+ marble_stairs.5:                          	keep:[0]	hide:[]
	+ marble_stairs.6:                          	keep:[0]	hide:[]
	+ marble_stairs.7:                          	keep:[0]	hide:[]
	+ mossy_cobblestone:                        	keep:[0]
	+ mossy_templeblock:                        	keep:[0]
	+ nation:                                   	keep:[0]
	+ nether_brick:                             	keep:[0]
	+ netherrack:                               	keep:[0]
	+ oak_planks:                               	keep:[0]
	+ obsidian:                                 	keep:[0]
	+ obsidian_snakestone:                      	keep:[0]
	+ obsidianChisel:                           	keep:[0]
	+ packedice:                                	keep:[0]
	+ packedice_pillar:                         	keep:[0]
	+ packedice_stairs.0:                       	keep:[0]	hide:[]
	+ packedice_stairs.1:                       	keep:[0]	hide:[]
	+ packedice_stairs.2:                       	keep:[0]	hide:[]
	+ packedice_stairs.3:                       	keep:[0]	hide:[]
	+ packedice_stairs.4:                       	keep:[0]	hide:[]
	+ packedice_stairs.5:                       	keep:[0]	hide:[]
	+ packedice_stairs.6:                       	keep:[0]	hide:[]
	+ packedice_stairs.7:                       	keep:[0]	hide:[]
	+ paperwall:                                	keep:[0]
	+ paperwall_block:                          	keep:[0]
	+ present:                                  	keep:[0]
	+ pumpkin1:                                 	keep:[0]	hide:[]	show:[0]
	+ pumpkin10:                                	keep:[0]	hide:[]
	+ pumpkin11:                                	keep:[0]	hide:[]
	+ pumpkin12:                                	keep:[0]	hide:[]
	+ pumpkin13:                                	keep:[0]	hide:[]
	+ pumpkin14:                                	keep:[0]	hide:[]
	+ pumpkin15:                                	keep:[0]	hide:[]
	+ pumpkin16:                                	keep:[0]	hide:[]
	+ pumpkin2:                                 	keep:[0]	hide:[]
	+ pumpkin3:                                 	keep:[0]	hide:[]
	+ pumpkin4:                                 	keep:[0]	hide:[]
	+ pumpkin5:                                 	keep:[0]	hide:[]
	+ pumpkin6:                                 	keep:[0]	hide:[]
	+ pumpkin7:                                 	keep:[0]	hide:[]
	+ pumpkin8:                                 	keep:[0]	hide:[]
	+ pumpkin9:                                 	keep:[0]	hide:[]
	+ purpur:                                   	keep:[0]
	+ rebel:                                    	keep:[0]
	+ redstone_block:                           	keep:[0]
	+ road_line:                                	keep:[0]
	+ sand_snakestone:                          	keep:[0]
	+ sandstone:                                	keep:[0]
	+ sandstone2:                               	keep:[0]
	+ sandstone_scribbles:                      	keep:[0]
	+ silverblock:                              	keep:[0]
	+ smashingrock:                             	keep:[0]
	+ spruce_planks:                            	keep:[0]
	+ stained_glass_brown:                      	keep:[0]
	+ stained_glass_forestry:                   	keep:[0]
	+ stained_glass_lightgray:                  	keep:[0]
	+ stained_glass_pane_brown:                 	keep:[0]	hide:[]
	+ stained_glass_pane_lightgray:             	keep:[0]	hide:[]
	+ stained_glass_pane_magenta:               	keep:[0]	hide:[]
	+ stained_glass_pane_pink:                  	keep:[0]	hide:[]
	+ stained_glass_pane_purple:                	keep:[0]	hide:[]
	+ stained_glass_pane_red:                   	keep:[0]	hide:[]
	+ stained_glass_pane_white:                 	keep:[0]	hide:[]
	+ stained_glass_pane_yellow:                	keep:[0]	hide:[]
	+ stained_glass_white:                      	keep:[0]
	+ stained_glass_yellow:                     	keep:[0]
	+ steelblock:                               	keep:[0]
	+ stone_snakestone:                         	keep:[0]
	+ stonebricksmooth:                         	keep:[0]
	+ tallow:                                   	keep:[0]
	+ technical:                                	keep:[0]
	+ technical2:                               	keep:[0]
	+ technical3:                               	keep:[0]
	+ technical4:                               	keep:[0]
	+ templeblock:                              	keep:[0]
	+ thaumium:                                 	keep:[0]
	+ tinblock:                                 	keep:[0]
	+ torch1:                                   	keep:[0]
	+ torch10:                                  	keep:[0]
	+ torch2:                                   	keep:[0]
	+ torch3:                                   	keep:[0]
	+ torch4:                                   	keep:[0]
	+ torch5:                                   	keep:[0]
	+ torch6:                                   	keep:[0]
	+ torch7:                                   	keep:[0]
	+ torch8:                                   	keep:[0]
	+ torch9:                                   	keep:[0]
	+ tyrian:                                   	keep:[0]
	+ upgrade:                                  	keep:[0]
	+ uraniumblock:                             	keep:[0]
	+ valentines:                               	keep:[0]
	+ voidstone:                                	keep:[0]
	+ voidstone2:                               	keep:[0]
	+ voidstonePillar:                          	keep:[0]
	+ voidstonePillar2:                         	keep:[0]
	+ voidstoneRunic:                           	keep:[0]
	+ warningSign:                              	keep:[0]
	+ waterstone:                               	keep:[0]
	+ woolen_clay:                              	keep:[0]
- ElectriCraft :
	+ electricraft_block_battery:               	hide:[0, 1, 2, 3, 4, 5, 6, 7, 8, 9]
	+ electricraft_block_cable:                 	hide:[0, 1, 2, 3, 4, 5, 6, 7, 8, 9]
	+ electricraft_block_chargepad:             	hide:[0, 1, 2, 3, 4, 5, 6, 7, 8, 9]
	+ electricraft_block_eubattery:             	hide:[0, 1, 2, 3, 4, 5, 6, 7, 8, 9]
	+ electricraft_block_eucable:               	hide:[0, 1, 2, 3, 4, 5, 6, 7, 8, 9]
	+ electricraft_block_eusplit:               	hide:[0, 1, 2, 3, 4, 5, 6, 7, 8, 9]
	+ electricraft_block_machine:               	hide:[0, 1, 2, 3, 4, 5, 6, 7, 8, 9]
	+ electricraft_block_ore:                   	hide:[0, 1, 2, 3, 4, 5, 6, 7, 8, 9]	show:[0, 1, 2, 3, 4, 5, 6, 7, 8, 9]
	+ electricraft_block_rfbattery:             	hide:[0, 1, 2, 3, 4, 5, 6, 7, 8, 9]
	+ electricraft_block_wire:                  	hide:[0, 1, 2, 3, 4, 5, 6, 7, 8, 9]
- extracells :
	+ pattern.fluid:                            	keep-one:[0, 1, 2, 3, 4, 5, 6, 7, 8, 9]
- ExtraTrees :
	+ door:                                     	keep:[0]
	+ doubleSlab:                               	keep:[0]
	+ fence:                                    	keep:[0]
	+ gate:                                     	keep:[0]
	+ panel:                                    	keep:[0]
	+ slab:                                     	keep:[0]
	+ stairs:                                   	keep:[0]
- Forestry :
	+ adventurerBag:                            	hide:[]
	+ adventurerBagT2:                          	hide:[]
	+ beeDroneGE:                               	keep-one:[]
	+ beeLarvaeGE:                              	keep-one:[]
	+ beePrincessGE:                            	keep-one:[]
	+ canBiomass:                               	hide:[]
	+ candle:                                   	hide:[]
	+ canEmpty:                                 	hide:[]	show:[0]
	+ canEthanol:                               	hide:[]
	+ canIce:                                   	hide:[]
	+ canJuice:                                 	hide:[]
	+ canLava:                                  	hide:[]
	+ canMead:                                  	hide:[]
	+ canSeedOil:                               	hide:[]
	+ canShortMead:                             	hide:[]
	+ canWater:                                 	hide:[]
	+ cratedAcaciaSapling:                      	hide:[]
	+ cratedAcaciaWood:                         	hide:[]
	+ cratedApatite:                            	hide:[]
	+ cratedApples:                             	hide:[]
	+ cratedAsh:                                	hide:[]
	+ cratedBeeswax:                            	hide:[]
	+ cratedBirchSapling:                       	hide:[]
	+ cratedBirchWood:                          	hide:[]
	+ cratedBogearth:                           	hide:[]
	+ cratedBrick:                              	hide:[]
	+ cratedBronze:                             	hide:[]
	+ cratedCacti:                              	hide:[]
	+ cratedCarrots:                            	hide:[]
	+ cratedCharcoal:                           	hide:[]
	+ cratedCherry:                             	hide:[]
	+ cratedChestnut:                           	hide:[]
	+ cratedClay:                               	hide:[]
	+ cratedCoal:                               	hide:[]
	+ cratedCobblestone:                        	hide:[]
	+ cratedCocoaComb:                          	hide:[]
	+ cratedCookies:                            	hide:[]
	+ cratedCopper:                             	hide:[]
	+ cratedCrystallinePollen:                  	hide:[]
	+ cratedDarkOakSapling:                     	hide:[]
	+ cratedDarkOakWood:                        	hide:[]
	+ cratedDates:                              	hide:[]
	+ cratedDirt:                               	hide:[]
	+ cratedDrippingCombs:                      	hide:[]
	+ cratedFertilizer:                         	hide:[]
	+ cratedFrozenCombs:                        	hide:[]
	+ cratedGlowstone:                          	hide:[]
	+ cratedGravel:                             	hide:[]
	+ cratedHoneycombs:                         	hide:[]
	+ cratedHoneydew:                           	hide:[]
	+ cratedHumus:                              	hide:[]
	+ cratedJungleSapling:                      	hide:[]
	+ cratedJungleWood:                         	hide:[]
	+ cratedLapis:                              	hide:[]
	+ cratedLemon:                              	hide:[]
	+ cratedMellowCombs:                        	hide:[]
	+ cratedMossyCombs:                         	hide:[]
	+ cratedMulch:                              	hide:[]
	+ cratedMycelium:                           	hide:[]
	+ cratedMysteriousCombs:                    	hide:[]
	+ cratedNetherbrick:                        	hide:[]
	+ cratedNetherrack:                         	hide:[]
	+ cratedNetherwart:                         	hide:[]
	+ cratedObsidian:                           	hide:[]
	+ cratedPapaya:                             	hide:[]
	+ cratedParchedCombs:                       	hide:[]
	+ cratedPeat:                               	hide:[]
	+ cratedPhosphor:                           	hide:[]
	+ cratedPlum:                               	hide:[]
	+ cratedPodzol:                             	hide:[]
	+ cratedPollen:                             	hide:[]
	+ cratedPotatoes:                           	hide:[]
	+ cratedPowderyCombs:                       	hide:[]
	+ cratedPropolis:                           	hide:[]
	+ cratedRedSand:                            	hide:[]
	+ cratedRedstone:                           	hide:[]
	+ cratedReeds:                              	hide:[]
	+ cratedRefractoryWax:                      	hide:[]
	+ cratedRoyalJelly:                         	hide:[]
	+ cratedSand:                               	hide:[]
	+ cratedSandstone:                          	hide:[]
	+ cratedSaplings:                           	hide:[]
	+ cratedSeeds:                              	hide:[]
	+ cratedSilkyCombs:                         	hide:[]
	+ cratedSimmeringCombs:                     	hide:[]
	+ cratedSoulsand:                           	hide:[]
	+ cratedSpruceSapling:                      	hide:[]
	+ cratedSpruceWood:                         	hide:[]
	+ cratedStone:                              	hide:[]
	+ cratedStringyCombs:                       	hide:[]
	+ cratedTin:                                	hide:[]
	+ cratedWalnut:                             	hide:[]
	+ cratedWheat:                              	hide:[]
	+ cratedWheatenCombs:                       	hide:[]
	+ cratedWood:                               	hide:[]
	+ fences:                                   	keep:[0]
	+ fencesFireproof:                          	keep:[0]
	+ ffarm:                                    	keep-one:[]
	+ leaves:                                   	keep-one:[]
	+ logsFireproof:                            	keep:[0]
	+ planksFireproof:                          	keep:[0]
	+ pollenFertile:                            	keep-one:[]
	+ refractoryBiomass:                        	hide:[]
	+ refractoryEmpty:                          	hide:[]	show:[0]
	+ refractoryEthanol:                        	hide:[]
	+ refractoryIce:                            	hide:[]
	+ refractoryJuice:                          	hide:[]
	+ refractoryLava:                           	hide:[]
	+ refractoryMead:                           	hide:[]
	+ refractorySeedOil:                        	hide:[]
	+ refractoryShortMead:                      	hide:[]
	+ refractoryWater:                          	hide:[]
	+ refractoryWax:                            	hide:[]
	+ resources:                                	keep:[0]
	+ sapling:                                  	keep-one:[]
	+ slabs:                                    	keep:[0]
	+ slabsDouble:                              	keep:[0]
	+ slabsDoubleFireproof:                     	keep:[0]
	+ slabsFireproof:                           	keep:[0]
	+ stairs:                                   	keep:[0]
	+ stairsFireproof:                          	keep:[0]
	+ waxCapsule:                               	hide:[]	show:[0]
	+ waxCapsuleBiomass:                        	hide:[]
	+ waxCapsuleEthanol:                        	hide:[]
	+ waxCapsuleIce:                            	hide:[]
	+ waxCapsuleJuice:                          	hide:[]
	+ waxCapsuleMead:                           	hide:[]
	+ waxCapsuleSeedOil:                        	hide:[]
	+ waxCapsuleShortMead:                      	hide:[]
	+ waxCapsuleWater:                          	hide:[]
	+ waxCast:                                  	hide:[]
- Genetics :
	+ serum:                                    	keep-one:[]
	+ serumArray:                               	keep-one:[]
- gregtech :
	+ gt.block.asphalt.slab.0:                  	hide:[]	show:[0]
	+ gt.block.asphalt.slab.1:                  	hide:[]
	+ gt.block.asphalt.slab.2:                  	hide:[]
	+ gt.block.asphalt.slab.3:                  	hide:[]
	+ gt.block.asphalt.slab.4:                  	hide:[]
	+ gt.block.asphalt.slab.5:                  	hide:[]
	+ gt.block.cfoam:                           	keep-oned:[]
	+ gt.block.cfoam.fresh:                     	hide:[]
	+ gt.block.cfoam.fresh.slab.0:              	hide:[]	show:[0]
	+ gt.block.cfoam.fresh.slab.1:              	hide:[]
	+ gt.block.cfoam.fresh.slab.2:              	hide:[]
	+ gt.block.cfoam.fresh.slab.3:              	hide:[]
	+ gt.block.cfoam.fresh.slab.4:              	hide:[]
	+ gt.block.cfoam.fresh.slab.5:              	hide:[]
	+ gt.block.cfoam.slab.0:                    	hide:[]	show:[0]
	+ gt.block.cfoam.slab.1:                    	hide:[]
	+ gt.block.cfoam.slab.2:                    	hide:[]
	+ gt.block.cfoam.slab.3:                    	hide:[]
	+ gt.block.cfoam.slab.4:                    	hide:[]
	+ gt.block.cfoam.slab.5:                    	hide:[]
	+ gt.block.concrete:                        	keep-oned:[]
	+ gt.block.concrete.reinforced:             	keep-oned:[]
	+ gt.block.concrete.reinforced.slab.0:      	hide:[]	show:[0]
	+ gt.block.concrete.reinforced.slab.1:      	hide:[]
	+ gt.block.concrete.reinforced.slab.2:      	hide:[]
	+ gt.block.concrete.reinforced.slab.3:      	hide:[]
	+ gt.block.concrete.reinforced.slab.4:      	hide:[]
	+ gt.block.concrete.reinforced.slab.5:      	hide:[]
	+ gt.block.concrete.slab.0:                 	hide:[]	show:[0]
	+ gt.block.concrete.slab.1:                 	hide:[]
	+ gt.block.concrete.slab.2:                 	hide:[]
	+ gt.block.concrete.slab.3:                 	hide:[]
	+ gt.block.concrete.slab.4:                 	hide:[]
	+ gt.block.concrete.slab.5:                 	hide:[]
	+ gt.block.glass:                           	keep-oned:[]
	+ gt.block.glass.glow:                      	keep-oned:[]
	+ gt.block.glass.glow.slab.0:               	hide:[]	show:[0]	keep-oned:[]
	+ gt.block.glass.glow.slab.1:               	hide:[]	keep-oned:[]
	+ gt.block.glass.glow.slab.2:               	hide:[]	keep-oned:[]
	+ gt.block.glass.glow.slab.3:               	hide:[]	keep-oned:[]
	+ gt.block.glass.glow.slab.4:               	hide:[]	keep-oned:[]
	+ gt.block.glass.glow.slab.5:               	hide:[]	keep-oned:[]
	+ gt.block.glass.slab.0:                    	hide:[]	show:[0]	keep-oned:[]
	+ gt.block.glass.slab.1:                    	hide:[]	keep-oned:[]
	+ gt.block.glass.slab.2:                    	hide:[]	keep-oned:[]
	+ gt.block.glass.slab.3:                    	hide:[]	keep-oned:[]
	+ gt.block.glass.slab.4:                    	hide:[]	keep-oned:[]
	+ gt.block.glass.slab.5:                    	hide:[]	keep-oned:[]
	+ gt.block.planks.fireproof.slab.0:         	hide:[]	show:[0]
	+ gt.block.planks.fireproof.slab.1:         	hide:[]
	+ gt.block.planks.fireproof.slab.2:         	hide:[]
	+ gt.block.planks.fireproof.slab.3:         	hide:[]
	+ gt.block.planks.fireproof.slab.4:         	hide:[]
	+ gt.block.planks.fireproof.slab.5:         	hide:[]
	+ gt.block.planks.slab.0:                   	hide:[]	show:[0]
	+ gt.block.planks.slab.1:                   	hide:[]
	+ gt.block.planks.slab.2:                   	hide:[]
	+ gt.block.planks.slab.3:                   	hide:[]
	+ gt.block.planks.slab.4:                   	hide:[]
	+ gt.block.planks.slab.5:                   	hide:[]
	+ gt.meta.arrowGtPlastic:                   	keep:[600]
	+ gt.meta.arrowGtWood:                      	keep:[600]
	+ gt.meta.bolt:                             	keep:[140]
	+ gt.meta.bulletGtLarge:                    	keep:[600]
	+ gt.meta.bulletGtMedium:                   	keep:[600]
	+ gt.meta.bulletGtSmall:                    	keep:[600]
	+ gt.meta.casingSmall:                      	keep:[600]
	+ gt.meta.chemtube:                         	keep:[140]
	+ gt.meta.chunkGt:                          	keep:[140]
	+ gt.meta.crate.dust:                       	keep:[140]
	+ gt.meta.crate.gem:                        	keep:[140]	show:[8383]
	+ gt.meta.crate.ingot:                      	keep:[140]
	+ gt.meta.crate.plate:                      	keep:[140]
	+ gt.meta.crate.plateGem:                   	keep:[140]
	+ gt.meta.crushed:                          	keep:[140]
	+ gt.meta.crushedCentrifuged:               	keep:[140]
	+ gt.meta.crushedCentrifugedTiny:           	keep:[140]
	+ gt.meta.crushedPurified:                  	keep:[140]
	+ gt.meta.crushedPurifiedTiny:              	keep:[140]
	+ gt.meta.crushedTiny:                      	keep:[140]
	+ gt.meta.dustDiv72:                        	keep:[140]
	+ gt.meta.dustImpure:                       	hide:[]
	+ gt.meta.dustPure:                         	hide:[]
	+ gt.meta.dustSmall:                        	keep:[140]
	+ gt.meta.dustTiny:                         	keep:[140]
	+ gt.meta.foil:                             	keep:[140]
	+ gt.meta.gearGt:                           	keep:[600]
	+ gt.meta.gearGtSmall:                      	keep:[600]
	+ gt.meta.gemChipped:                       	keep:[8383]
	+ gt.meta.gemExquisite:                     	keep:[8383]
	+ gt.meta.gemFlawed:                        	keep:[8383]
	+ gt.meta.gemFlawless:                      	keep:[8383]
	+ gt.meta.gemLegendary:                     	keep:[8383]
	+ gt.meta.ingotDouble:                      	keep:[140]
	+ gt.meta.ingotHot:                         	hide:[]
	+ gt.meta.ingotQuadruple:                   	keep:[140]
	+ gt.meta.ingotQuintuple:                   	keep:[140]
	+ gt.meta.ingotTriple:                      	keep:[140]
	+ gt.meta.machine:                          	keep:[600]
	+ gt.meta.machine.dense:                    	keep:[600]
	+ gt.meta.machine.double:                   	keep:[600]
	+ gt.meta.machine.quadruple:                	keep:[600]
	+ gt.meta.minecartWheels:                   	keep:[600]
	+ gt.meta.nugget:                           	keep:[140]
	+ gt.meta.ore.broken.andesite:              	keep-onei:[]
	+ gt.meta.ore.broken.atum:                  	keep-onei:[]
	+ gt.meta.ore.broken.basalt:                	keep-onei:[]
	+ gt.meta.ore.broken.blackgranite:          	keep-onei:[]
	+ gt.meta.ore.broken.blueschist:            	keep-onei:[]
	+ gt.meta.ore.broken.bop.limestone:         	keep-onei:[]
	+ gt.meta.ore.broken.bop.shale:             	keep-onei:[]
	+ gt.meta.ore.broken.bop.siltstone:         	keep-onei:[]
	+ gt.meta.ore.broken.chisel.andesite:       	keep-onei:[]
	+ gt.meta.ore.broken.chisel.diorite:        	keep-onei:[]
	+ gt.meta.ore.broken.chisel.granite:        	keep-onei:[]
	+ gt.meta.ore.broken.chisel.limestone:      	keep-onei:[]
	+ gt.meta.ore.broken.chisel.marble:         	keep-onei:[]
	+ gt.meta.ore.broken.default:               	keep-onei:[]
	+ gt.meta.ore.broken.diorite:               	keep-onei:[]
	+ gt.meta.ore.broken.endstone:              	keep-onei:[]
	+ gt.meta.ore.broken.erebus.umbergravel:    	keep-onei:[]
	+ gt.meta.ore.broken.erebus.umberstone:     	keep-onei:[]
	+ gt.meta.ore.broken.etfu.andesite:         	keep-onei:[]
	+ gt.meta.ore.broken.etfu.diorite:          	keep-onei:[]
	+ gt.meta.ore.broken.etfu.granite:          	keep-onei:[]
	+ gt.meta.ore.broken.gasu.basalt:           	keep-onei:[]
	+ gt.meta.ore.broken.gc.asteroids.dark:     	keep-onei:[]
	+ gt.meta.ore.broken.gc.asteroids.gray:     	keep-onei:[]
	+ gt.meta.ore.broken.gc.asteroids.light:    	keep-onei:[]
	+ gt.meta.ore.broken.gc.mars.dirt:          	keep-onei:[]
	+ gt.meta.ore.broken.gc.mars.rock:          	keep-onei:[]
	+ gt.meta.ore.broken.gc.moon.dirt:          	keep-onei:[]
	+ gt.meta.ore.broken.gc.moon.rock:          	keep-onei:[]
	+ gt.meta.ore.broken.granite:               	keep-onei:[]
	+ gt.meta.ore.broken.greenschist:           	keep-onei:[]
	+ gt.meta.ore.broken.kimberlite:            	keep-onei:[]
	+ gt.meta.ore.broken.komatiite:             	keep-onei:[]
	+ gt.meta.ore.broken.limestone:             	keep-onei:[]
	+ gt.meta.ore.broken.marble:                	keep-onei:[]
	+ gt.meta.ore.broken.netherrack:            	keep-onei:[]
	+ gt.meta.ore.broken.pfaa.medium.0:         	keep-onei:[]
	+ gt.meta.ore.broken.pfaa.medium.1:         	keep-onei:[]
	+ gt.meta.ore.broken.pfaa.medium.2:         	keep-onei:[]
	+ gt.meta.ore.broken.pfaa.medium.3:         	keep-onei:[]
	+ gt.meta.ore.broken.pfaa.medium.4:         	keep-onei:[]
	+ gt.meta.ore.broken.pfaa.strong.0:         	keep-onei:[]
	+ gt.meta.ore.broken.pfaa.strong.1:         	keep-onei:[]
	+ gt.meta.ore.broken.pfaa.strong.2:         	keep-onei:[]
	+ gt.meta.ore.broken.pfaa.strong.3:         	keep-onei:[]
	+ gt.meta.ore.broken.pfaa.strong.4:         	keep-onei:[]
	+ gt.meta.ore.broken.pfaa.strong.5:         	keep-onei:[]
	+ gt.meta.ore.broken.pfaa.strong.6:         	keep-onei:[]
	+ gt.meta.ore.broken.pfaa.strong.7:         	keep-onei:[]
	+ gt.meta.ore.broken.pfaa.strong.8:         	keep-onei:[]
	+ gt.meta.ore.broken.pfaa.strong.9:         	keep-onei:[]
	+ gt.meta.ore.broken.pfaa.verystrong.0:     	keep-onei:[]
	+ gt.meta.ore.broken.pfaa.verystrong.1:     	keep-onei:[]
	+ gt.meta.ore.broken.pfaa.verystrong.2:     	keep-onei:[]
	+ gt.meta.ore.broken.pfaa.verystrong.3:     	keep-onei:[]
	+ gt.meta.ore.broken.pfaa.verystrong.4:     	keep-onei:[]
	+ gt.meta.ore.broken.pfaa.weak.0:           	keep-onei:[]
	+ gt.meta.ore.broken.pfaa.weak.1:           	keep-onei:[]
	+ gt.meta.ore.broken.pfaa.weak.2:           	keep-onei:[]
	+ gt.meta.ore.broken.pfaa.weak.3:           	keep-onei:[]
	+ gt.meta.ore.broken.pfaa.weak.4:           	keep-onei:[]
	+ gt.meta.ore.broken.quartzite:             	keep-onei:[]
	+ gt.meta.ore.broken.rc.abyssal:            	keep-onei:[]
	+ gt.meta.ore.broken.rc.quarried:           	keep-onei:[]
	+ gt.meta.ore.broken.redgranite:            	keep-onei:[]
	+ gt.meta.ore.broken.sandstone:             	keep-onei:[]
	+ gt.meta.ore.broken.ub.igneous.0:          	keep-onei:[]
	+ gt.meta.ore.broken.ub.igneous.1:          	keep-onei:[]
	+ gt.meta.ore.broken.ub.igneous.2:          	keep-onei:[]
	+ gt.meta.ore.broken.ub.igneous.3:          	keep-onei:[]
	+ gt.meta.ore.broken.ub.igneous.4:          	keep-onei:[]
	+ gt.meta.ore.broken.ub.igneous.5:          	keep-onei:[]
	+ gt.meta.ore.broken.ub.igneous.6:          	keep-onei:[]
	+ gt.meta.ore.broken.ub.igneous.7:          	keep-onei:[]
	+ gt.meta.ore.broken.ub.metamorphic.0:      	keep-onei:[]
	+ gt.meta.ore.broken.ub.metamorphic.1:      	keep-onei:[]
	+ gt.meta.ore.broken.ub.metamorphic.2:      	keep-onei:[]
	+ gt.meta.ore.broken.ub.metamorphic.3:      	keep-onei:[]
	+ gt.meta.ore.broken.ub.metamorphic.4:      	keep-onei:[]
	+ gt.meta.ore.broken.ub.metamorphic.5:      	keep-onei:[]
	+ gt.meta.ore.broken.ub.metamorphic.6:      	keep-onei:[]
	+ gt.meta.ore.broken.ub.metamorphic.7:      	keep-onei:[]
	+ gt.meta.ore.broken.ub.sedimentary.0:      	keep-onei:[]
	+ gt.meta.ore.broken.ub.sedimentary.1:      	keep-onei:[]
	+ gt.meta.ore.broken.ub.sedimentary.2:      	keep-onei:[]
	+ gt.meta.ore.broken.ub.sedimentary.3:      	keep-onei:[]
	+ gt.meta.ore.broken.ub.sedimentary.4:      	keep-onei:[]
	+ gt.meta.ore.broken.ub.sedimentary.5:      	keep-onei:[]
	+ gt.meta.ore.broken.ub.sedimentary.6:      	keep-onei:[]
	+ gt.meta.ore.broken.ub.sedimentary.7:      	keep-onei:[]
	+ gt.meta.ore.normal.andesite:              	keep-onei:[]
	+ gt.meta.ore.normal.atum:                  	keep-onei:[]
	+ gt.meta.ore.normal.basalt:                	keep-onei:[]
	+ gt.meta.ore.normal.bedrock:               	keep-onei:[]
	+ gt.meta.ore.normal.blackgranite:          	keep-onei:[]
	+ gt.meta.ore.normal.blueschist:            	keep-onei:[]
	+ gt.meta.ore.normal.bop.limestone:         	keep-onei:[]
	+ gt.meta.ore.normal.bop.shale:             	keep-onei:[]
	+ gt.meta.ore.normal.bop.siltstone:         	keep-onei:[]
	+ gt.meta.ore.normal.chisel.andesite:       	keep-onei:[]
	+ gt.meta.ore.normal.chisel.diorite:        	keep-onei:[]
	+ gt.meta.ore.normal.chisel.granite:        	keep-onei:[]
	+ gt.meta.ore.normal.chisel.limestone:      	keep-onei:[]
	+ gt.meta.ore.normal.chisel.marble:         	keep-onei:[]
	+ gt.meta.ore.normal.default:               	keep-onei:[]
	+ gt.meta.ore.normal.diorite:               	keep-onei:[]
	+ gt.meta.ore.normal.endstone:              	keep-onei:[]
	+ gt.meta.ore.normal.erebus.umbergravel:    	keep-onei:[]
	+ gt.meta.ore.normal.erebus.umberstone:     	keep-onei:[]
	+ gt.meta.ore.normal.etfu.andesite:         	keep-onei:[]
	+ gt.meta.ore.normal.etfu.diorite:          	keep-onei:[]
	+ gt.meta.ore.normal.etfu.granite:          	keep-onei:[]
	+ gt.meta.ore.normal.gasu.basalt:           	keep-onei:[]
	+ gt.meta.ore.normal.gc.asteroids.dark:     	keep-onei:[]
	+ gt.meta.ore.normal.gc.asteroids.gray:     	keep-onei:[]
	+ gt.meta.ore.normal.gc.asteroids.light:    	keep-onei:[]
	+ gt.meta.ore.normal.gc.mars.dirt:          	keep-onei:[]
	+ gt.meta.ore.normal.gc.mars.rock:          	keep-onei:[]
	+ gt.meta.ore.normal.gc.moon.dirt:          	keep-onei:[]
	+ gt.meta.ore.normal.gc.moon.rock:          	keep-onei:[]
	+ gt.meta.ore.normal.granite:               	keep-onei:[]
	+ gt.meta.ore.normal.gravel:                	keep-onei:[]
	+ gt.meta.ore.normal.greenschist:           	keep-onei:[]
	+ gt.meta.ore.normal.kimberlite:            	keep-onei:[]
	+ gt.meta.ore.normal.komatiite:             	keep-onei:[]
	+ gt.meta.ore.normal.limestone:             	keep-onei:[]
	+ gt.meta.ore.normal.marble:                	keep-onei:[]
	+ gt.meta.ore.normal.mud:                   	keep-onei:[]
	+ gt.meta.ore.normal.netherrack:            	keep-onei:[]
	+ gt.meta.ore.normal.pfaa.medium.0:         	keep-onei:[]
	+ gt.meta.ore.normal.pfaa.medium.1:         	keep-onei:[]
	+ gt.meta.ore.normal.pfaa.medium.2:         	keep-onei:[]
	+ gt.meta.ore.normal.pfaa.medium.3:         	keep-onei:[]
	+ gt.meta.ore.normal.pfaa.medium.4:         	keep-onei:[]
	+ gt.meta.ore.normal.pfaa.strong.0:         	keep-onei:[]
	+ gt.meta.ore.normal.pfaa.strong.1:         	keep-onei:[]
	+ gt.meta.ore.normal.pfaa.strong.2:         	keep-onei:[]
	+ gt.meta.ore.normal.pfaa.strong.3:         	keep-onei:[]
	+ gt.meta.ore.normal.pfaa.strong.4:         	keep-onei:[]
	+ gt.meta.ore.normal.pfaa.strong.5:         	keep-onei:[]
	+ gt.meta.ore.normal.pfaa.strong.6:         	keep-onei:[]
	+ gt.meta.ore.normal.pfaa.strong.7:         	keep-onei:[]
	+ gt.meta.ore.normal.pfaa.strong.8:         	keep-onei:[]
	+ gt.meta.ore.normal.pfaa.strong.9:         	keep-onei:[]
	+ gt.meta.ore.normal.pfaa.verystrong.0:     	keep-onei:[]
	+ gt.meta.ore.normal.pfaa.verystrong.1:     	keep-onei:[]
	+ gt.meta.ore.normal.pfaa.verystrong.2:     	keep-onei:[]
	+ gt.meta.ore.normal.pfaa.verystrong.3:     	keep-onei:[]
	+ gt.meta.ore.normal.pfaa.verystrong.4:     	keep-onei:[]
	+ gt.meta.ore.normal.pfaa.weak.0:           	keep-onei:[]
	+ gt.meta.ore.normal.pfaa.weak.1:           	keep-onei:[]
	+ gt.meta.ore.normal.pfaa.weak.2:           	keep-onei:[]
	+ gt.meta.ore.normal.pfaa.weak.3:           	keep-onei:[]
	+ gt.meta.ore.normal.pfaa.weak.4:           	keep-onei:[]
	+ gt.meta.ore.normal.quartzite:             	keep-onei:[]
	+ gt.meta.ore.normal.rc.abyssal:            	keep-onei:[]
	+ gt.meta.ore.normal.rc.quarried:           	keep-onei:[]
	+ gt.meta.ore.normal.redgranite:            	keep-onei:[]
	+ gt.meta.ore.normal.redsand:               	keep-onei:[]
	+ gt.meta.ore.normal.sand:                  	keep-onei:[]
	+ gt.meta.ore.normal.sand.atum:             	keep-onei:[]
	+ gt.meta.ore.normal.sandstone:             	keep-onei:[]
	+ gt.meta.ore.normal.ub.igneous.0:          	keep-onei:[]
	+ gt.meta.ore.normal.ub.igneous.1:          	keep-onei:[]
	+ gt.meta.ore.normal.ub.igneous.2:          	keep-onei:[]
	+ gt.meta.ore.normal.ub.igneous.3:          	keep-onei:[]
	+ gt.meta.ore.normal.ub.igneous.4:          	keep-onei:[]
	+ gt.meta.ore.normal.ub.igneous.5:          	keep-onei:[]
	+ gt.meta.ore.normal.ub.igneous.6:          	keep-onei:[]
	+ gt.meta.ore.normal.ub.igneous.7:          	keep-onei:[]
	+ gt.meta.ore.normal.ub.metamorphic.0:      	keep-onei:[]
	+ gt.meta.ore.normal.ub.metamorphic.1:      	keep-onei:[]
	+ gt.meta.ore.normal.ub.metamorphic.2:      	keep-onei:[]
	+ gt.meta.ore.normal.ub.metamorphic.3:      	keep-onei:[]
	+ gt.meta.ore.normal.ub.metamorphic.4:      	keep-onei:[]
	+ gt.meta.ore.normal.ub.metamorphic.5:      	keep-onei:[]
	+ gt.meta.ore.normal.ub.metamorphic.6:      	keep-onei:[]
	+ gt.meta.ore.normal.ub.metamorphic.7:      	keep-onei:[]
	+ gt.meta.ore.normal.ub.sedimentary.0:      	keep-onei:[]
	+ gt.meta.ore.normal.ub.sedimentary.1:      	keep-onei:[]
	+ gt.meta.ore.normal.ub.sedimentary.2:      	keep-onei:[]
	+ gt.meta.ore.normal.ub.sedimentary.3:      	keep-onei:[]
	+ gt.meta.ore.normal.ub.sedimentary.4:      	keep-onei:[]
	+ gt.meta.ore.normal.ub.sedimentary.5:      	keep-onei:[]
	+ gt.meta.ore.normal.ub.sedimentary.6:      	keep-onei:[]
	+ gt.meta.ore.normal.ub.sedimentary.7:      	keep-onei:[]
	+ gt.meta.ore.small.andesite:               	keep-onei:[]
	+ gt.meta.ore.small.atum:                   	keep-onei:[]
	+ gt.meta.ore.small.basalt:                 	keep-onei:[]
	+ gt.meta.ore.small.bedrock:                	keep-onei:[]
	+ gt.meta.ore.small.blackgranite:           	keep-onei:[]
	+ gt.meta.ore.small.blueschist:             	keep-onei:[]
	+ gt.meta.ore.small.bop.limestone:          	keep-onei:[]
	+ gt.meta.ore.small.bop.shale:              	keep-onei:[]
	+ gt.meta.ore.small.bop.siltstone:          	keep-onei:[]
	+ gt.meta.ore.small.chisel.andesite:        	keep-onei:[]
	+ gt.meta.ore.small.chisel.diorite:         	keep-onei:[]
	+ gt.meta.ore.small.chisel.granite:         	keep-onei:[]
	+ gt.meta.ore.small.chisel.limestone:       	keep-onei:[]
	+ gt.meta.ore.small.chisel.marble:          	keep-onei:[]
	+ gt.meta.ore.small.default:                	keep-onei:[]
	+ gt.meta.ore.small.diorite:                	keep-onei:[]
	+ gt.meta.ore.small.endstone:               	keep-onei:[]
	+ gt.meta.ore.small.erebus.umbergravel:     	keep-onei:[]
	+ gt.meta.ore.small.erebus.umberstone:      	keep-onei:[]
	+ gt.meta.ore.small.etfu.andesite:          	keep-onei:[]
	+ gt.meta.ore.small.etfu.diorite:           	keep-onei:[]
	+ gt.meta.ore.small.etfu.granite:           	keep-onei:[]
	+ gt.meta.ore.small.gasu.basalt:            	keep-onei:[]
	+ gt.meta.ore.small.gc.asteroids.dark:      	keep-onei:[]
	+ gt.meta.ore.small.gc.asteroids.gray:      	keep-onei:[]
	+ gt.meta.ore.small.gc.asteroids.light:     	keep-onei:[]
	+ gt.meta.ore.small.gc.mars.dirt:           	keep-onei:[]
	+ gt.meta.ore.small.gc.mars.rock:           	keep-onei:[]
	+ gt.meta.ore.small.gc.moon.dirt:           	keep-onei:[]
	+ gt.meta.ore.small.gc.moon.rock:           	keep-onei:[]
	+ gt.meta.ore.small.granite:                	keep-onei:[]
	+ gt.meta.ore.small.gravel:                 	keep-onei:[]
	+ gt.meta.ore.small.greenschist:            	keep-onei:[]
	+ gt.meta.ore.small.kimberlite:             	keep-onei:[]
	+ gt.meta.ore.small.komatiite:              	keep-onei:[]
	+ gt.meta.ore.small.limestone:              	keep-onei:[]
	+ gt.meta.ore.small.marble:                 	keep-onei:[]
	+ gt.meta.ore.small.mud:                    	keep-onei:[]
	+ gt.meta.ore.small.netherrack:             	keep-onei:[]
	+ gt.meta.ore.small.pfaa.medium.0:          	keep-onei:[]
	+ gt.meta.ore.small.pfaa.medium.1:          	keep-onei:[]
	+ gt.meta.ore.small.pfaa.medium.2:          	keep-onei:[]
	+ gt.meta.ore.small.pfaa.medium.3:          	keep-onei:[]
	+ gt.meta.ore.small.pfaa.medium.4:          	keep-onei:[]
	+ gt.meta.ore.small.pfaa.strong.0:          	keep-onei:[]
	+ gt.meta.ore.small.pfaa.strong.1:          	keep-onei:[]
	+ gt.meta.ore.small.pfaa.strong.2:          	keep-onei:[]
	+ gt.meta.ore.small.pfaa.strong.3:          	keep-onei:[]
	+ gt.meta.ore.small.pfaa.strong.4:          	keep-onei:[]
	+ gt.meta.ore.small.pfaa.strong.5:          	keep-onei:[]
	+ gt.meta.ore.small.pfaa.strong.6:          	keep-onei:[]
	+ gt.meta.ore.small.pfaa.strong.7:          	keep-onei:[]
	+ gt.meta.ore.small.pfaa.strong.8:          	keep-onei:[]
	+ gt.meta.ore.small.pfaa.strong.9:          	keep-onei:[]
	+ gt.meta.ore.small.pfaa.verystrong.0:      	keep-onei:[]
	+ gt.meta.ore.small.pfaa.verystrong.1:      	keep-onei:[]
	+ gt.meta.ore.small.pfaa.verystrong.2:      	keep-onei:[]
	+ gt.meta.ore.small.pfaa.verystrong.3:      	keep-onei:[]
	+ gt.meta.ore.small.pfaa.verystrong.4:      	keep-onei:[]
	+ gt.meta.ore.small.pfaa.weak.0:            	keep-onei:[]
	+ gt.meta.ore.small.pfaa.weak.1:            	keep-onei:[]
	+ gt.meta.ore.small.pfaa.weak.2:            	keep-onei:[]
	+ gt.meta.ore.small.pfaa.weak.3:            	keep-onei:[]
	+ gt.meta.ore.small.pfaa.weak.4:            	keep-onei:[]
	+ gt.meta.ore.small.quartzite:              	keep-onei:[]
	+ gt.meta.ore.small.rc.abyssal:             	keep-onei:[]
	+ gt.meta.ore.small.rc.quarried:            	keep-onei:[]
	+ gt.meta.ore.small.redgranite:             	keep-onei:[]
	+ gt.meta.ore.small.redsand:                	keep-onei:[]
	+ gt.meta.ore.small.sand:                   	keep-onei:[]
	+ gt.meta.ore.small.sand.atum:              	keep-onei:[]
	+ gt.meta.ore.small.sandstone:              	keep-onei:[]
	+ gt.meta.ore.small.ub.igneous.0:           	keep-onei:[]
	+ gt.meta.ore.small.ub.igneous.1:           	keep-onei:[]
	+ gt.meta.ore.small.ub.igneous.2:           	keep-onei:[]
	+ gt.meta.ore.small.ub.igneous.3:           	keep-onei:[]
	+ gt.meta.ore.small.ub.igneous.4:           	keep-onei:[]
	+ gt.meta.ore.small.ub.igneous.5:           	keep-onei:[]
	+ gt.meta.ore.small.ub.igneous.6:           	keep-onei:[]
	+ gt.meta.ore.small.ub.igneous.7:           	keep-onei:[]
	+ gt.meta.ore.small.ub.metamorphic.0:       	keep-onei:[]
	+ gt.meta.ore.small.ub.metamorphic.1:       	keep-onei:[]
	+ gt.meta.ore.small.ub.metamorphic.2:       	keep-onei:[]
	+ gt.meta.ore.small.ub.metamorphic.3:       	keep-onei:[]
	+ gt.meta.ore.small.ub.metamorphic.4:       	keep-onei:[]
	+ gt.meta.ore.small.ub.metamorphic.5:       	keep-onei:[]
	+ gt.meta.ore.small.ub.metamorphic.6:       	keep-onei:[]
	+ gt.meta.ore.small.ub.metamorphic.7:       	keep-onei:[]
	+ gt.meta.ore.small.ub.sedimentary.0:       	keep-onei:[]
	+ gt.meta.ore.small.ub.sedimentary.1:       	keep-onei:[]
	+ gt.meta.ore.small.ub.sedimentary.2:       	keep-onei:[]
	+ gt.meta.ore.small.ub.sedimentary.3:       	keep-onei:[]
	+ gt.meta.ore.small.ub.sedimentary.4:       	keep-onei:[]
	+ gt.meta.ore.small.ub.sedimentary.5:       	keep-onei:[]
	+ gt.meta.ore.small.ub.sedimentary.6:       	keep-onei:[]
	+ gt.meta.ore.small.ub.sedimentary.7:       	keep-onei:[]
	+ gt.meta.plantGtBerry:                     	hide:[]
	+ gt.meta.plantGtBlossom:                   	hide:[]
	+ gt.meta.plantGtFiber:                     	hide:[]
	+ gt.meta.plantGtTwig:                      	hide:[]
	+ gt.meta.plantGtWart:                      	hide:[]
	+ gt.meta.plate:                            	keep:[140]
	+ gt.meta.plateCurved:                      	keep:[140]
	+ gt.meta.plateDense:                       	keep:[140]
	+ gt.meta.plateDouble:                      	keep:[140]
	+ gt.meta.plateGem:                         	keep:[140]
	+ gt.meta.plateGemTiny:                     	keep:[140]
	+ gt.meta.plateQuadruple:                   	keep:[140]
	+ gt.meta.plateQuintuple:                   	keep:[140]
	+ gt.meta.plateTiny:                        	keep:[140]
	+ gt.meta.plateTriple:                      	keep:[140]
	+ gt.meta.ring:                             	keep:[600]
	+ gt.meta.rockGt:                           	keep:[140]
	+ gt.meta.rotor:                            	keep:[600]
	+ gt.meta.round:                            	keep:[600]
	+ gt.meta.scrapGt:                          	keep:[140]
	+ gt.meta.screw:                            	keep:[140]
	+ gt.meta.spring:                           	keep:[600]
	+ gt.meta.springSmall:                      	keep:[600]
	+ gt.meta.stick:                            	keep:[140]
	+ gt.meta.stickLong:                        	keep:[140]
	+ gt.meta.storage.dust:                     	keep:[140]
	+ gt.meta.storage.gem:                      	keep:[140]	show:[8383]
	+ gt.meta.storage.ingot:                    	keep:[140]
	+ gt.meta.storage.plate:                    	keep:[140]
	+ gt.meta.storage.plateGem:                 	keep:[140]
	+ gt.meta.storage.solid:                    	keep:[140]
	+ gt.meta.toolHeadArrow:                    	keep:[600]
	+ gt.meta.toolHeadAxe:                      	keep:[600]
	+ gt.meta.toolHeadAxeDouble:                	keep:[600]
	+ gt.meta.toolHeadBuzzSaw:                  	keep:[600]
	+ gt.meta.toolHeadChainsaw:                 	keep:[600]
	+ gt.meta.toolHeadChisel:                   	keep:[600]
	+ gt.meta.toolHeadConstructionPickaxe:      	keep:[600]
	+ gt.meta.toolHeadDrill:                    	keep:[600]
	+ gt.meta.toolHeadFile:                     	keep:[600]
	+ gt.meta.toolHeadHammer:                   	keep:[600]
	+ gt.meta.toolHeadHoe:                      	keep:[600]
	+ gt.meta.toolHeadPickaxe:                  	keep:[600]
	+ gt.meta.toolHeadPickaxeGem:               	keep:[600]
	+ gt.meta.toolHeadPlow:                     	keep:[600]
	+ gt.meta.toolHeadRawArrow:                 	keep:[600]
	+ gt.meta.toolHeadRawAxe:                   	keep:[600]
	+ gt.meta.toolHeadRawAxeDouble:             	keep:[600]
	+ gt.meta.toolHeadRawChisel:                	keep:[600]
	+ gt.meta.toolHeadRawHoe:                   	keep:[600]
	+ gt.meta.toolHeadRawPickaxe:               	keep:[600]
	+ gt.meta.toolHeadRawPlow:                  	keep:[600]
	+ gt.meta.toolHeadRawSaw:                   	keep:[600]
	+ gt.meta.toolHeadRawSense:                 	keep:[600]
	+ gt.meta.toolHeadRawShovel:                	keep:[600]
	+ gt.meta.toolHeadRawSpade:                 	keep:[600]
	+ gt.meta.toolHeadRawSword:                 	keep:[600]
	+ gt.meta.toolHeadRawUniversalSpade:        	keep:[600]
	+ gt.meta.toolHeadSaw:                      	keep:[600]
	+ gt.meta.toolHeadScrewdriver:              	keep:[600]
	+ gt.meta.toolHeadSense:                    	keep:[600]
	+ gt.meta.toolHeadShovel:                   	keep:[600]
	+ gt.meta.toolHeadSpade:                    	keep:[600]
	+ gt.meta.toolHeadSword:                    	keep:[600]
	+ gt.meta.toolHeadUniversalSpade:           	keep:[600]
	+ gt.meta.toolHeadWrench:                   	keep:[600]
	+ gt.meta.wireFine:                         	keep:[600]
	+ gt.multiitem.books:                       	keep-one:[32002]
	+ gt.multitileentity:                       	keep-one:[32700, 32745]	hide:[50, 51, 52, 53, 54, 55, 56, 57, 58, 59, 70, 71, 72, 73, 74, 75, 76, 77, 78, 79, 80, 81, 82, 83, 84, 85, 86, 87, 88, 89, 260, 261, 262, 263, 264, 265, 266, 267, 268, 269, 280, 281, 282, 283, 284, 285, 286, 287, 288, 289, 290, 291, 292, 293, 294, 295, 296, 297, 298, 299, 300, 301, 302, 303, 304, 305, 306, 307, 308, 309, 400, 401, 402, 403, 404, 405, 406, 407, 408, 409, 600, 601, 602, 603, 604, 605, 606, 607, 608, 609, 25000, 25001, 25002, 25003, 25004, 25005, 25006, 25007, 25008, 25009, 25100, 25101, 25102, 25103, 25104, 25105, 25106, 25107, 25108, 25109, 25200, 25201, 25202, 25203, 25204, 25205, 25206, 25207, 25208, 25209, 25300, 25301, 25302, 25303, 25304, 25305, 25306, 25307, 25308, 25309, 25400, 25401, 25402, 25403, 25404, 25405, 25406, 25407, 25408, 25409, 25500, 25501, 25502, 25503, 25504, 25505, 25506, 25507, 25508, 25509, 25600, 25601, 25602, 25603, 25604, 25605, 25606, 25607, 25608, 25609, 25700, 25701, 25702, 25703, 25704, 25705, 25706, 25707, 25708, 25709, 25800, 25801, 25802, 25803, 25804, 25805, 25806, 25807, 25808, 25809, 25900, 25901, 25902, 25903, 25904, 25905, 25906, 25907, 25908, 25909]	show:[5, 7, 8, 30, 40, 500, 2502, 2512, 2522, 2532, 2542, 2552, 2562, 2572, 2582, 2592, 2600, 2610, 2620, 2630, 2640, 2650, 2660, 2670, 2680, 2690, 2800, 2806, 2810, 2816, 2820, 2826, 2830, 2836, 2840, 2841, 2842, 2843, 2844, 2845, 2846, 2847, 2848, 2849, 2850, 2856, 2860, 2866, 2870, 2876, 2880, 2886, 2890, 2896, 2900, 2906, 2910, 2916, 2920, 2926, 2930, 2936, 2940, 2946, 2950, 2956, 2960, 2966, 2970, 2976, 2980, 2986, 2990, 2996, 4000, 5000, 5500, 6000, 7000, 7100, 7300, 7500, 8000, 8200, 25000, 25001, 25002, 25003, 25004, 25005, 25006, 25007, 25008, 25009, 26020, 26021, 26022, 26023, 26024, 26025, 26026, 26027, 26028, 26029, 30000, 30001, 30002, 30003, 30004, 30005, 30006, 30007, 30008, 30009]
	+ gt.stone.andesite:                        	keep:[0]
	+ gt.stone.andesite.slab.0:                 	keep:[0]
	+ gt.stone.andesite.slab.1:                 	keep:[0]
	+ gt.stone.andesite.slab.2:                 	keep:[0]
	+ gt.stone.andesite.slab.3:                 	keep:[0]
	+ gt.stone.andesite.slab.4:                 	keep:[0]
	+ gt.stone.andesite.slab.5:                 	keep:[0]
	+ gt.stone.basalt:                          	keep:[0]
	+ gt.stone.basalt.slab.0:                   	keep:[0]
	+ gt.stone.basalt.slab.1:                   	keep:[0]
	+ gt.stone.basalt.slab.2:                   	keep:[0]
	+ gt.stone.basalt.slab.3:                   	keep:[0]
	+ gt.stone.basalt.slab.4:                   	keep:[0]
	+ gt.stone.basalt.slab.5:                   	keep:[0]
	+ gt.stone.blueschist:                      	keep:[0]
	+ gt.stone.blueschist.slab.0:               	keep:[0]
	+ gt.stone.blueschist.slab.1:               	keep:[0]
	+ gt.stone.blueschist.slab.2:               	keep:[0]
	+ gt.stone.blueschist.slab.3:               	keep:[0]
	+ gt.stone.blueschist.slab.4:               	keep:[0]
	+ gt.stone.blueschist.slab.5:               	keep:[0]
	+ gt.stone.diorite:                         	keep:[0]
	+ gt.stone.diorite.slab.0:                  	keep:[0]
	+ gt.stone.diorite.slab.1:                  	keep:[0]
	+ gt.stone.diorite.slab.2:                  	keep:[0]
	+ gt.stone.diorite.slab.3:                  	keep:[0]
	+ gt.stone.diorite.slab.4:                  	keep:[0]
	+ gt.stone.diorite.slab.5:                  	keep:[0]
	+ gt.stone.granite:                         	keep:[0]
	+ gt.stone.granite.black:                   	keep:[0]
	+ gt.stone.granite.black.slab.0:            	keep:[0]
	+ gt.stone.granite.black.slab.1:            	keep:[0]
	+ gt.stone.granite.black.slab.2:            	keep:[0]
	+ gt.stone.granite.black.slab.3:            	keep:[0]
	+ gt.stone.granite.black.slab.4:            	keep:[0]
	+ gt.stone.granite.black.slab.5:            	keep:[0]
	+ gt.stone.granite.red:                     	keep:[0]	show:[]
	+ gt.stone.granite.red.slab.0:              	keep:[0]	show:[]
	+ gt.stone.granite.red.slab.1:              	keep:[0]	show:[]
	+ gt.stone.granite.red.slab.2:              	keep:[0]	show:[]
	+ gt.stone.granite.red.slab.3:              	keep:[0]	show:[]
	+ gt.stone.granite.red.slab.4:              	keep:[0]	show:[]
	+ gt.stone.granite.red.slab.5:              	keep:[0]	show:[]
	+ gt.stone.granite.slab.0:                  	keep:[0]
	+ gt.stone.granite.slab.1:                  	keep:[0]
	+ gt.stone.granite.slab.2:                  	keep:[0]
	+ gt.stone.granite.slab.3:                  	keep:[0]
	+ gt.stone.granite.slab.4:                  	keep:[0]
	+ gt.stone.granite.slab.5:                  	keep:[0]
	+ gt.stone.greenschist:                     	keep:[0]
	+ gt.stone.greenschist.slab.0:              	keep:[0]
	+ gt.stone.greenschist.slab.1:              	keep:[0]
	+ gt.stone.greenschist.slab.2:              	keep:[0]
	+ gt.stone.greenschist.slab.3:              	keep:[0]
	+ gt.stone.greenschist.slab.4:              	keep:[0]
	+ gt.stone.greenschist.slab.5:              	keep:[0]
	+ gt.stone.kimberlite:                      	keep:[0]
	+ gt.stone.kimberlite.slab.0:               	keep:[0]
	+ gt.stone.kimberlite.slab.1:               	keep:[0]
	+ gt.stone.kimberlite.slab.2:               	keep:[0]
	+ gt.stone.kimberlite.slab.3:               	keep:[0]
	+ gt.stone.kimberlite.slab.4:               	keep:[0]
	+ gt.stone.kimberlite.slab.5:               	keep:[0]
	+ gt.stone.komatiite:                       	keep:[0]
	+ gt.stone.komatiite.slab.0:                	keep:[0]
	+ gt.stone.komatiite.slab.1:                	keep:[0]
	+ gt.stone.komatiite.slab.2:                	keep:[0]
	+ gt.stone.komatiite.slab.3:                	keep:[0]
	+ gt.stone.komatiite.slab.4:                	keep:[0]
	+ gt.stone.komatiite.slab.5:                	keep:[0]
	+ gt.stone.limestone:                       	keep:[0]
	+ gt.stone.limestone.slab.0:                	keep:[0]
	+ gt.stone.limestone.slab.1:                	keep:[0]
	+ gt.stone.limestone.slab.2:                	keep:[0]
	+ gt.stone.limestone.slab.3:                	keep:[0]
	+ gt.stone.limestone.slab.4:                	keep:[0]
	+ gt.stone.limestone.slab.5:                	keep:[0]
	+ gt.stone.marble:                          	keep:[0]
	+ gt.stone.marble.slab.0:                   	keep:[0]
	+ gt.stone.marble.slab.1:                   	keep:[0]
	+ gt.stone.marble.slab.2:                   	keep:[0]
	+ gt.stone.marble.slab.3:                   	keep:[0]
	+ gt.stone.marble.slab.4:                   	keep:[0]
	+ gt.stone.marble.slab.5:                   	keep:[0]
	+ gt.stone.quartzite:                       	keep:[0]
	+ gt.stone.quartzite.slab.0:                	keep:[0]
	+ gt.stone.quartzite.slab.1:                	keep:[0]
	+ gt.stone.quartzite.slab.2:                	keep:[0]
	+ gt.stone.quartzite.slab.3:                	keep:[0]
	+ gt.stone.quartzite.slab.4:                	keep:[0]
	+ gt.stone.quartzite.slab.5:                	keep:[0]
- harvestcraft :
	+ anchovyrawItem:                           	hide:[]
	+ applejellyItem:                           	hide:[]
	+ applejellysandwichItem:                   	hide:[]
	+ applejuiceItem:                           	hide:[]
	+ applesmoothieItem:                        	hide:[]
	+ appleyogurtItem:                          	hide:[]
	+ apricotjellyItem:                         	hide:[]
	+ apricotjellysandwichItem:                 	hide:[]
	+ apricotjuiceItem:                         	hide:[]
	+ apricotsmoothieItem:                      	hide:[]
	+ apricotyogurtItem:                        	hide:[]
	+ artichokeseedItem:                        	hide:[]
	+ asparagusseedItem:                        	hide:[]
	+ bambooshootseedItem:                      	hide:[]
	+ bananasmoothieItem:                       	hide:[]
	+ bananayogurtItem:                         	hide:[]
	+ barleyseedItem:                           	hide:[]
	+ bassrawItem:                              	hide:[]
	+ beanseedItem:                             	hide:[]
	+ beehive:                                  	hide:[]
	+ beetseedItem:                             	hide:[]
	+ bellpepperseedItem:                       	hide:[]
	+ berrygarden:                              	hide:[]
	+ blackberryjellyItem:                      	hide:[]
	+ blackberryjellysandwichItem:              	hide:[]
	+ blackberryjuiceItem:                      	hide:[]
	+ blackberryseedItem:                       	hide:[]
	+ blackberrysmoothieItem:                   	hide:[]
	+ blackberryyogurtItem:                     	hide:[]
	+ blueberryjellyItem:                       	hide:[]
	+ blueberryjellysandwichItem:               	hide:[]
	+ blueberryjuiceItem:                       	hide:[]
	+ blueberryseedItem:                        	hide:[]
	+ blueberrysmoothieItem:                    	hide:[]
	+ blueberryyogurtItem:                      	hide:[]
	+ broccoliseedItem:                         	hide:[]
	+ brusselsproutseedItem:                    	hide:[]
	+ cabbageseedItem:                          	hide:[]
	+ cactusfruitjuiceItem:                     	hide:[]
	+ cactusfruitseedItem:                      	hide:[]
	+ calamarirawItem:                          	hide:[]
	+ candleberryseedItem:                      	hide:[]
	+ cantaloupeseedItem:                       	hide:[]
	+ carprawItem:                              	hide:[]
	+ carrotjuiceItem:                          	hide:[]
	+ catfishrawItem:                           	hide:[]
	+ cauliflowerseedItem:                      	hide:[]
	+ celeryseedItem:                           	hide:[]
	+ charrrawItem:                             	hide:[]
	+ cherryjellyItem:                          	hide:[]
	+ cherryjellysandwichItem:                  	hide:[]
	+ cherryjuiceItem:                          	hide:[]
	+ cherrysmoothieItem:                       	hide:[]
	+ cherryyogurtItem:                         	hide:[]
	+ chickensandwichItem:                      	hide:[]
	+ chilipepperseedItem:                      	hide:[]
	+ chocolaterollItem:                        	hide:[]
	+ chocolatestrawberryItem:                  	hide:[]
	+ chocolateyogurtItem:                      	hide:[]
	+ churnon:                                  	hide:[]
	+ clamrawItem:                              	hide:[]
	+ coconutsmoothieItem:                      	hide:[]
	+ coconutyogurtItem:                        	hide:[]
	+ coffeeseedItem:                           	hide:[]
	+ cornseedItem:                             	hide:[]
	+ cottonseedItem:                           	hide:[]
	+ crabrawItem:                              	hide:[]
	+ cranberryjellyItem:                       	hide:[]
	+ cranberryjellysandwichItem:               	hide:[]
	+ cranberryjuiceItem:                       	hide:[]
	+ cranberryseedItem:                        	hide:[]
	+ cranberrysmoothieItem:                    	hide:[]
	+ cranberryyogurtItem:                      	hide:[]
	+ crayfishrawItem:                          	hide:[]
	+ cucumberseedItem:                         	hide:[]
	+ curryleafseedItem:                        	hide:[]
	+ cuttingboard:                             	hide:[]
	+ desertgarden:                             	hide:[]
	+ eelrawItem:                               	hide:[]
	+ eggplantseedItem:                         	hide:[]
	+ figjellyItem:                             	hide:[]
	+ figjellysandwichItem:                     	hide:[]
	+ figjuiceItem:                             	hide:[]
	+ figsmoothieItem:                          	hide:[]
	+ figyogurtItem:                            	hide:[]
	+ fishsandwichItem:                         	hide:[]
	+ frograwItem:                              	hide:[]
	+ garlicseedItem:                           	hide:[]
	+ gingerseedItem:                           	hide:[]
	+ gooseberryjellyItem:                      	hide:[]
	+ gooseberryjellysandwichItem:              	hide:[]
	+ gooseberrysmoothieItem:                   	hide:[]
	+ gooseberryyogurtItem:                     	hide:[]
	+ gourdgarden:                              	hide:[]
	+ grapefruitjellyItem:                      	hide:[]
	+ grapefruitjellysandwichItem:              	hide:[]
	+ grapefruitjuiceItem:                      	hide:[]
	+ grapefruitsmoothieItem:                   	hide:[]
	+ grapefruityogurtItem:                     	hide:[]
	+ grapejellyItem:                           	hide:[]
	+ grapejuiceItem:                           	hide:[]
	+ grapeseedItem:                            	hide:[]
	+ grapesmoothieItem:                        	hide:[]
	+ grapeyogurtItem:                          	hide:[]
	+ grassgarden:                              	hide:[]
	+ groundgarden:                             	hide:[]
	+ grouperrawItem:                           	hide:[]
	+ hamsweetpicklesandwichItem:               	hide:[]
	+ herbgarden:                               	hide:[]
	+ herringrawItem:                           	hide:[]
	+ honeysandwichItem:                        	hide:[]
	+ jellyfishrawItem:                         	hide:[]
	+ kiwijellyItem:                            	hide:[]
	+ kiwijellysandwichItem:                    	hide:[]
	+ kiwijuiceItem:                            	hide:[]
	+ kiwiseedItem:                             	hide:[]
	+ kiwismoothieItem:                         	hide:[]
	+ kiwiyogurtItem:                           	hide:[]
	+ leafychickensandwichItem:                 	hide:[]
	+ leafyfishsandwichItem:                    	hide:[]
	+ leafygarden:                              	hide:[]
	+ leekseedItem:                             	hide:[]
	+ lemonjellyItem:                           	hide:[]
	+ lemonjellysandwichItem:                   	hide:[]
	+ lemonsmoothieItem:                        	hide:[]
	+ lemonyogurtItem:                          	hide:[]
	+ lettuceseedItem:                          	hide:[]
	+ limejellyItem:                            	hide:[]
	+ limejellysandwichItem:                    	hide:[]
	+ limejuiceItem:                            	hide:[]
	+ limesmoothieItem:                         	hide:[]
	+ limeyogurtItem:                           	hide:[]
	+ mangojellyItem:                           	hide:[]
	+ mangojellysandwichItem:                   	hide:[]
	+ mangojuiceItem:                           	hide:[]
	+ mangosmoothieItem:                        	hide:[]
	+ mangoyogurtItem:                          	hide:[]
	+ melonjuiceItem:                           	hide:[]
	+ melonsmoothieItem:                        	hide:[]
	+ melonyogurtItem:                          	hide:[]
	+ mudfishrawItem:                           	hide:[]
	+ mushroomgarden:                           	hide:[]
	+ mustardseedItem:                          	hide:[]
	+ muttonrawItem:                            	hide:[]
	+ oatsseedItem:                             	hide:[]
	+ octopusrawItem:                           	hide:[]
	+ okraseedItem:                             	hide:[]
	+ onionseedItem:                            	hide:[]
	+ orangejellyItem:                          	hide:[]
	+ orangejellysandwichItem:                  	hide:[]
	+ orangejuiceItem:                          	hide:[]
	+ orangesmoothieItem:                       	hide:[]
	+ orangeyogurtItem:                         	hide:[]
	+ ovenon:                                   	hide:[]
	+ pamAlmond:                                	hide:[]
	+ pamalmondSapling:                         	hide:[]
	+ pamApple:                                 	hide:[]
	+ pamappleSapling:                          	hide:[]
	+ pamApricot:                               	hide:[]
	+ pamapricotSapling:                        	hide:[]
	+ pamartichokeCrop:                         	hide:[]
	+ pamasparagusCrop:                         	hide:[]
	+ pamAvocado:                               	hide:[]
	+ pamavocadoSapling:                        	hide:[]
	+ pambambooshootCrop:                       	hide:[]
	+ pamBanana:                                	hide:[]
	+ pambananaSapling:                         	hide:[]
	+ pambarleyCrop:                            	hide:[]
	+ pambeanCrop:                              	hide:[]
	+ pambeetCrop:                              	hide:[]
	+ pambellpepperCrop:                        	hide:[]
	+ pamblackberryCrop:                        	hide:[]
	+ pamblueberryCrop:                         	hide:[]
	+ pambroccoliCrop:                          	hide:[]
	+ pambrusselsproutCrop:                     	hide:[]
	+ pamcabbageCrop:                           	hide:[]
	+ pamcactusfruitCrop:                       	hide:[]
	+ pamcandleberryCrop:                       	hide:[]
	+ pamcandleDeco1:                           	hide:[]
	+ pamcandleDeco10:                          	hide:[]
	+ pamcandleDeco11:                          	hide:[]
	+ pamcandleDeco12:                          	hide:[]
	+ pamcandleDeco13:                          	hide:[]
	+ pamcandleDeco14:                          	hide:[]
	+ pamcandleDeco15:                          	hide:[]
	+ pamcandleDeco16:                          	hide:[]
	+ pamcandleDeco2:                           	hide:[]
	+ pamcandleDeco3:                           	hide:[]
	+ pamcandleDeco4:                           	hide:[]
	+ pamcandleDeco5:                           	hide:[]
	+ pamcandleDeco6:                           	hide:[]
	+ pamcandleDeco7:                           	hide:[]
	+ pamcandleDeco8:                           	hide:[]
	+ pamcandleDeco9:                           	hide:[]
	+ pamcantaloupeCrop:                        	hide:[]
	+ pamcarrotCake:                            	hide:[]
	+ pamCashew:                                	hide:[]
	+ pamcashewSapling:                         	hide:[]
	+ pamcauliflowerCrop:                       	hide:[]
	+ pamceleryCrop:                            	hide:[]
	+ pamcheeseCake:                            	hide:[]
	+ pamCherry:                                	hide:[]
	+ pamcherrycheeseCake:                      	hide:[]
	+ pamcherrySapling:                         	hide:[]
	+ pamChestnut:                              	hide:[]
	+ pamchestnutSapling:                       	hide:[]
	+ pamchilipepperCrop:                       	hide:[]
	+ pamchocolatesprinkleCake:                 	hide:[]
	+ pamCinnamon:                              	hide:[]
	+ pamcinnamonSapling:                       	hide:[]
	+ pamCoconut:                               	hide:[]
	+ pamcoconutSapling:                        	hide:[]
	+ pamcoffeebeanCrop:                        	hide:[]
	+ pamcornCrop:                              	hide:[]
	+ pamcottonCrop:                            	hide:[]
	+ pamcranberryCrop:                         	hide:[]
	+ pamcucumberCrop:                          	hide:[]
	+ pamcurryleafCrop:                         	hide:[]
	+ pamDate:                                  	hide:[]
	+ pamdateSapling:                           	hide:[]
	+ pamDragonfruit:                           	hide:[]
	+ pamdragonfruitSapling:                    	hide:[]
	+ pamDurian:                                	hide:[]
	+ pamdurianSapling:                         	hide:[]
	+ pameggplantCrop:                          	hide:[]
	+ pamFig:                                   	hide:[]
	+ pamfigSapling:                            	hide:[]
	+ pamgarlicCrop:                            	hide:[]
	+ pamgingerCrop:                            	hide:[]
	+ pamGooseberry:                            	hide:[]
	+ pamgooseberrySapling:                     	hide:[]
	+ pamgrapeCrop:                             	hide:[]
	+ pamGrapefruit:                            	hide:[]
	+ pamgrapefruitSapling:                     	hide:[]
	+ pamholidayCake:                           	hide:[]
	+ pamkiwiCrop:                              	hide:[]
	+ pamlamingtonCake:                         	hide:[]
	+ pamleekCrop:                              	hide:[]
	+ pamLemon:                                 	hide:[]
	+ pamlemonSapling:                          	hide:[]
	+ pamlettuceCrop:                           	hide:[]
	+ pamLime:                                  	hide:[]
	+ pamlimeSapling:                           	hide:[]
	+ pamMango:                                 	hide:[]
	+ pammangoSapling:                          	hide:[]
	+ pamMaple:                                 	hide:[]
	+ pammapleSapling:                          	hide:[]
	+ pammustardseedsCrop:                      	hide:[]
	+ pamNutmeg:                                	hide:[]
	+ pamnutmegSapling:                         	hide:[]
	+ pamoatsCrop:                              	hide:[]
	+ pamokraCrop:                              	hide:[]
	+ pamOlive:                                 	hide:[]
	+ pamoliveSapling:                          	hide:[]
	+ pamonionCrop:                             	hide:[]
	+ pamOrange:                                	hide:[]
	+ pamorangeSapling:                         	hide:[]
	+ pamPapaya:                                	hide:[]
	+ pampapayaSapling:                         	hide:[]
	+ pamPaperbark:                             	hide:[]
	+ pampaperbarkSapling:                      	hide:[]
	+ pamparsnipCrop:                           	hide:[]
	+ pampavlovaCake:                           	hide:[]
	+ pamPeach:                                 	hide:[]
	+ pampeachSapling:                          	hide:[]
	+ pampeanutCrop:                            	hide:[]
	+ pamPear:                                  	hide:[]
	+ pampearSapling:                           	hide:[]
	+ pampeasCrop:                              	hide:[]
	+ pamPecan:                                 	hide:[]
	+ pampecanSapling:                          	hide:[]
	+ pamPeppercorn:                            	hide:[]
	+ pampeppercornSapling:                     	hide:[]
	+ pamPersimmon:                             	hide:[]
	+ pampersimmonSapling:                      	hide:[]
	+ pampineappleCrop:                         	hide:[]
	+ pampineappleupsidedownCake:               	hide:[]
	+ pamPistachio:                             	hide:[]
	+ pampistachioSapling:                      	hide:[]
	+ pamPlum:                                  	hide:[]
	+ pamplumSapling:                           	hide:[]
	+ pamPomegranate:                           	hide:[]
	+ pampomegranateSapling:                    	hide:[]
	+ pampumpkincheeseCake:                     	hide:[]
	+ pamradishCrop:                            	hide:[]
	+ pamraspberryCrop:                         	hide:[]
	+ pamredvelvetCake:                         	hide:[]
	+ pamrhubarbCrop:                           	hide:[]
	+ pamriceCrop:                              	hide:[]
	+ pamrutabagaCrop:                          	hide:[]
	+ pamryeCrop:                               	hide:[]
	+ pamscallionCrop:                          	hide:[]
	+ pamseaweedCrop:                           	hide:[]
	+ pamsesameseedsCrop:                       	hide:[]
	+ pamsoybeanCrop:                           	hide:[]
	+ pamspiceleafCrop:                         	hide:[]
	+ pamspinachCrop:                           	hide:[]
	+ pamStarfruit:                             	hide:[]
	+ pamstarfruitSapling:                      	hide:[]
	+ pamstrawberryCrop:                        	hide:[]
	+ pamsweetpotatoCrop:                       	hide:[]
	+ pamtealeafCrop:                           	hide:[]
	+ pamtomatoCrop:                            	hide:[]
	+ pamturnipCrop:                            	hide:[]
	+ pamVanillabean:                           	hide:[]
	+ pamvanillabeanSapling:                    	hide:[]
	+ pamWalnut:                                	hide:[]
	+ pamwalnutSapling:                         	hide:[]
	+ pamwaterchestnutCrop:                     	hide:[]
	+ pamwhitemushroomCrop:                     	hide:[]
	+ pamwintersquashCrop:                      	hide:[]
	+ pamzucchiniCrop:                          	hide:[]
	+ papayajellyItem:                          	hide:[]
	+ papayajellysandwichItem:                  	hide:[]
	+ papayajuiceItem:                          	hide:[]
	+ papayasmoothieItem:                       	hide:[]
	+ papayayogurtItem:                         	hide:[]
	+ parsnipseedItem:                          	hide:[]
	+ peachjellyItem:                           	hide:[]
	+ peachjellysandwichItem:                   	hide:[]
	+ peachjuiceItem:                           	hide:[]
	+ peachsmoothieItem:                        	hide:[]
	+ peachyogurtItem:                          	hide:[]
	+ peanutseedItem:                           	hide:[]
	+ pearjellyItem:                            	hide:[]
	+ pearjellysandwichItem:                    	hide:[]
	+ pearjuiceItem:                            	hide:[]
	+ pearsmoothieItem:                         	hide:[]
	+ pearyogurtItem:                           	hide:[]
	+ peasseedItem:                             	hide:[]
	+ perchrawItem:                             	hide:[]
	+ persimmonjellyItem:                       	hide:[]
	+ persimmonjellysandwichItem:               	hide:[]
	+ persimmonjuiceItem:                       	hide:[]
	+ persimmonsmoothieItem:                    	hide:[]
	+ persimmonyogurtItem:                      	hide:[]
	+ pineappleseedItem:                        	hide:[]
	+ pineappleyogurtItem:                      	hide:[]
	+ plainyogurtItem:                          	hide:[]
	+ plumjellyItem:                            	hide:[]
	+ plumjellysandwichItem:                    	hide:[]
	+ plumjuiceItem:                            	hide:[]
	+ plumsmoothieItem:                         	hide:[]
	+ plumyogurtItem:                           	hide:[]
	+ pomegranatejellyItem:                     	hide:[]
	+ pomegranatejellysandwichItem:             	hide:[]
	+ pomegranatejuiceItem:                     	hide:[]
	+ pomegranatesmoothieItem:                  	hide:[]
	+ pomegranateyogurtItem:                    	hide:[]
	+ pot:                                      	hide:[]
	+ pumpkinyogurtItem:                        	hide:[]
	+ quernon:                                  	hide:[]
	+ rabbitrawItem:                            	hide:[]
	+ radishseedItem:                           	hide:[]
	+ raspberryjellyItem:                       	hide:[]
	+ raspberryjellysandwichItem:               	hide:[]
	+ raspberryjuiceItem:                       	hide:[]
	+ raspberryseedItem:                        	hide:[]
	+ raspberrysmoothieItem:                    	hide:[]
	+ raspberryyogurtItem:                      	hide:[]
	+ rhubarbseedItem:                          	hide:[]
	+ riceseedItem:                             	hide:[]
	+ royaljellyItem:                           	hide:[]
	+ rutabagaseedItem:                         	hide:[]
	+ ryeseedItem:                              	hide:[]
	+ scallionseedItem:                         	hide:[]
	+ scalloprawItem:                           	hide:[]
	+ seaweedseedItem:                          	hide:[]
	+ sesameseedsseedItem:                      	hide:[]
	+ shrimprawItem:                            	hide:[]
	+ sink:                                     	hide:[]
	+ snailrawItem:                             	hide:[]
	+ snapperrawItem:                           	hide:[]
	+ soybeanseedItem:                          	hide:[]
	+ spiceleafseedItem:                        	hide:[]
	+ spinachseedItem:                          	hide:[]
	+ stalkgarden:                              	hide:[]
	+ starfruitjellyItem:                       	hide:[]
	+ starfruitjellysandwichItem:               	hide:[]
	+ starfruitjuiceItem:                       	hide:[]
	+ starfruitsmoothieItem:                    	hide:[]
	+ starfruityogurtItem:                      	hide:[]
	+ strawberryicecreamItem:                   	hide:[]
	+ strawberryItem:                           	hide:[]
	+ strawberryjellyItem:                      	hide:[]
	+ strawberryjellysandwichItem:              	hide:[]
	+ strawberryjuiceItem:                      	hide:[]
	+ strawberrymilkshakeItem:                  	hide:[]
	+ strawberrypieItem:                        	hide:[]
	+ strawberrysaladItem:                      	hide:[]
	+ strawberryseedItem:                       	hide:[]
	+ strawberrysmoothieItem:                   	hide:[]
	+ strawberrysodaItem:                       	hide:[]
	+ strawberryyogurtItem:                     	hide:[]
	+ sweetpotatoseedItem:                      	hide:[]
	+ teaseedItem:                              	hide:[]
	+ textilegarden:                            	hide:[]
	+ tilapiarawItem:                           	hide:[]
	+ toastsandwichItem:                        	hide:[]
	+ tomatoseedItem:                           	hide:[]
	+ tropicalgarden:                           	hide:[]
	+ troutrawItem:                             	hide:[]
	+ tunarawItem:                              	hide:[]
	+ turkeyrawItem:                            	hide:[]
	+ turnipseedItem:                           	hide:[]
	+ turtlerawItem:                            	hide:[]
	+ vanillayogurtItem:                        	hide:[]
	+ venisonrawItem:                           	hide:[]
	+ walleyerawItem:                           	hide:[]
	+ waterchestnutseedItem:                    	hide:[]
	+ watergarden:                              	hide:[]
	+ watermelonjellyItem:                      	hide:[]
	+ watermelonjellysandwichItem:              	hide:[]
	+ whitemushroomseedItem:                    	hide:[]
	+ wintersquashseedItem:                     	hide:[]
	+ zucchiniseedItem:                         	hide:[]
- minecraft :
	+ carpet:                                   	keep:[0]
	+ dragon_egg:                               	keep:[0]
	+ fire:                                     	hide:[]
	+ flowing_lava:                             	hide:[]
	+ flowing_water:                            	hide:[]
	+ lava:                                     	hide:[]
	+ mob_spawner:                              	keep:[0]
	+ monster_egg:                              	keep:[0]
	+ potion:                                   	keep:[0]
	+ spawn_egg:                                	keep:[0]
	+ stained_glass:                            	keep:[0]
	+ stained_glass_pane:                       	keep:[0]
	+ stained_hardened_clay:                    	keep:[0]
	+ water:                                    	hide:[]
	+ wool:                                     	keep:[0]
- OpenBlocks :
	+ elevator:                                 	keep:[0]
	+ elevator_rotating:                        	keep:[0]
	+ tank:                                     	keep-one:[]
	+ trophy:                                   	keep-one:[]
- ReactorCraft :
	+ reactorcraft_block_chlorine:              	hide:[0, 1, 2, 3, 4, 5, 6, 7, 8, 9]
	+ reactorcraft_block_fluorite:              	keep:[0]
	+ reactorcraft_block_hf:                    	hide:[0, 1, 2, 3, 4, 5, 6, 7, 8, 9]
	+ reactorcraft_block_lamp:                  	keep:[0]
	+ reactorcraft_block_thorium:               	hide:[0, 1, 2, 3, 4, 5, 6, 7, 8, 9]
	+ reactorcraft_item_canister:               	keep:[0, 1]
	+ reactorcraft_item_fluorite:               	keep:[0]
	+ reactorcraft_item_magnet:                 	keep:[6]
- RotaryCraft :
	+ rotarycraft_block_advancedgear:           	hide:[0, 1, 2, 3, 4, 5, 6, 7, 8, 9]
	+ rotarycraft_block_basic:                  	hide:[0, 1, 2, 3, 4, 5, 6, 7, 8, 9]
	+ rotarycraft_block_bcengine:               	hide:[0, 1, 2, 3, 4, 5, 6, 7, 8, 9]
	+ rotarycraft_block_beam:                   	hide:[0, 1, 2, 3, 4, 5, 6, 7, 8, 9]
	+ rotarycraft_block_bedrockslice:           	hide:[0, 1, 2, 3, 4, 5, 6, 7, 8, 9]
	+ rotarycraft_block_blastglass:             	hide:[0, 1, 2, 3, 4, 5, 6, 7, 8, 9]	show:[0, 1, 2, 3, 4, 5, 6, 7, 8, 9]
	+ rotarycraft_block_blastpane:              	hide:[0, 1, 2, 3, 4, 5, 6, 7, 8, 9]	show:[0, 1, 2, 3, 4, 5, 6, 7, 8, 9]
	+ rotarycraft_block_bridge:                 	hide:[0, 1, 2, 3, 4, 5, 6, 7, 8, 9]
	+ rotarycraft_block_canola:                 	hide:[0, 1, 2, 3, 4, 5, 6, 7, 8, 9]
	+ rotarycraft_block_deco:                   	hide:[0, 1, 2, 3, 4, 5, 6, 7, 8, 9]	show:[0, 1, 2, 3, 4, 5, 6, 7, 8, 9]
	+ rotarycraft_block_decotank:               	hide:[0, 1, 2, 3, 4, 5, 6, 7, 8, 9]
	+ rotarycraft_block_dir:                    	hide:[0, 1, 2, 3, 4, 5, 6, 7, 8, 9]
	+ rotarycraft_block_dirmodel:               	hide:[0, 1, 2, 3, 4, 5, 6, 7, 8, 9]
	+ rotarycraft_block_dirmodel2:              	hide:[0, 1, 2, 3, 4, 5, 6, 7, 8, 9]
	+ rotarycraft_block_dirmodelinv:            	hide:[0, 1, 2, 3, 4, 5, 6, 7, 8, 9]
	+ rotarycraft_block_engine:                 	hide:[0, 1, 2, 3, 4, 5, 6, 7, 8, 9]
	+ rotarycraft_block_flywheel:               	hide:[0, 1, 2, 3, 4, 5, 6, 7, 8, 9]
	+ rotarycraft_block_gearbox:                	hide:[0, 1, 2, 3, 4, 5, 6, 7, 8, 9]
	+ rotarycraft_block_gpr:                    	hide:[0, 1, 2, 3, 4, 5, 6, 7, 8, 9]
	+ rotarycraft_block_inv:                    	hide:[0, 1, 2, 3, 4, 5, 6, 7, 8, 9]
	+ rotarycraft_block_light:                  	hide:[0, 1, 2, 3, 4, 5, 6, 7, 8, 9]
	+ rotarycraft_block_miningpipe:             	hide:[0, 1, 2, 3, 4, 5, 6, 7, 8, 9]
	+ rotarycraft_block_model:                  	hide:[0, 1, 2, 3, 4, 5, 6, 7, 8, 9]
	+ rotarycraft_block_model2:                 	hide:[0, 1, 2, 3, 4, 5, 6, 7, 8, 9]
	+ rotarycraft_block_modelinv:               	hide:[0, 1, 2, 3, 4, 5, 6, 7, 8, 9]
	+ rotarycraft_block_modelinv2:              	hide:[0, 1, 2, 3, 4, 5, 6, 7, 8, 9]
	+ rotarycraft_block_piping:                 	hide:[0, 1, 2, 3, 4, 5, 6, 7, 8, 9]
	+ rotarycraft_block_shaft:                  	hide:[0, 1, 2, 3, 4, 5, 6, 7, 8, 9]
	+ rotarycraft_block_solar:                  	hide:[0, 1, 2, 3, 4, 5, 6, 7, 8, 9]
	+ rotarycraft_block_trans:                  	hide:[0, 1, 2, 3, 4, 5, 6, 7, 8, 9]
	+ rotarycraft_item_customextract:           	keep:[0]
	+ rotarycraft_item_customingot:             	keep:[0]
	+ rotarycraft_item_extracts:                	keep:[0]
	+ rotarycraft_item_gearupgrade:             	keep-one:[]
	+ rotarycraft_item_modextracts:             	keep:[0]
	+ rotarycraft_item_modingots:               	keep:[0]
	+ rotarycraft_item_railgun:                 	keep:[15]
	+ rotarycraft_item_slide:                   	keep:[15]
	+ rotarycraft_item_spawner:                 	keep-one:[]
	+ rotarycraft_item_spring:                  	keep:[0]
	+ rotarycraft_item_strongcoil:              	keep:[0]
- Thaumcraft :
	+ blockArcaneFurnace:                       	hide:[]
	+ blockCandle:                              	keep:[0]
	+ blockHole:                                	hide:[]
	+ blockWarded:                              	hide:[]
	+ blockWoodenDevice:                        	keep-one:[8]
	+ ItemEssence:                              	keep-one:[0, 1]
	+ ItemSpawnerEgg:                           	keep:[0]
	+ ItemWispEssence:                          	keep-one:[0, 1]
- ThaumicTinkerer :
	+ forcefield:                               	hide:[]
	+ gaseousLight:                             	hide:[]
	+ gaseousShadow:                            	hide:[]
	+ mobAspect:                                	keep:[0]
	+ nitorGas:                                 	hide:[]